<?xml version="1.0" encoding="UTF-8"?>
<testsuite xmlns:xsi="http://www.w3.org/2001/XMLSchema-instance" xsi:noNamespaceSchemaLocation="https://maven.apache.org/surefire/maven-surefire-plugin/xsd/surefire-test-report-3.0.xsd" version="3.0" name="com.university.CourseTest" time="0.039" tests="5" errors="0" skipped="0" failures="0">
  <properties>
[...]
</properties>
  <testcase name="testInvalidCourseCreation" classname="com.university.CourseTest" time="0.012"/>
  <testcase name="testCourseGetters" classname="com.university.CourseTest" time="0.006"/>
  <testcase name="testCourseCancellation" classname="com.university.CourseTest" time="0.004"/>
  <testcase name="testCourseEnrollmentLimit" classname="com.university.CourseTest" time="0.001"/>
  <testcase name="testDropStudent" classname="com.university.CourseTest" time="0.001"/>
</testsuite>